# JRE version: Java(TM) SE Runtime Environment (19.0.1+10) (build 19.0.1+10-21)
# Java VM: Java HotSpot(TM) 64-Bit Server VM (19.0.1+10-21, mixed mode, sharing, tiered, compressed oops, compressed class ptrs, g1 gc, windows-amd64)
GC Precious Log:
 CardTable entry size: 512
 Card Set container configuration: InlinePtr #cards 5 size 8 Array Of Cards #cards 12 size 40 Howl #buckets 4 coarsen threshold 1843 Howl Bitmap #cards 512 size 80 coarsen threshold 460 Card regions per heap region 1 cards per card region 2048
 CPUs: 4 total, 4 available
 Memory: 3920M
 Large Page Support: Disabled
 NUMA Support: Disabled
 Compressed Oops: Enabled (32-bit)
 Heap Region Size: 1M
 Heap Min Capacity: 8M
 Heap Initial Capacity: 8M
 Heap Max Capacity: 982M
 Pre-touch: Disabled
 Parallel Workers: 4
 Concurrent Workers: 1
 Concurrent Refinement Workers: 4
 Periodic GC: Disabled
Heap:
 garbage-first heap   total 18432K, used 7918K [0x00000000c2a00000, 0x0000000100000000)
  region size 1024K, 1 young (1024K), 1 survivors (1024K)
 Metaspace       used 9113K, committed 9344K, reserved 1114112K
  class space    used 1020K, committed 1152K, reserved 1048576K
GC Heap History (20 events):
Event: 0.690 GC heap after
{Heap after GC invocations=3 (full 0):
 garbage-first heap   total 8192K, used 2122K [0x00000000c2a00000, 0x0000000100000000)
  region size 1024K, 1 young (1024K), 1 survivors (1024K)
 Metaspace       used 6630K, committed 6784K, reserved 1114112K
  class space    used 767K, committed 832K, reserved 1048576K
}
Event: 0.804 GC heap before
{Heap before GC invocations=3 (full 0):
 garbage-first heap   total 8192K, used 3146K [0x00000000c2a00000, 0x0000000100000000)
  region size 1024K, 2 young (2048K), 1 survivors (1024K)
 Metaspace       used 7682K, committed 7808K, reserved 1114112K
  class space    used 859K, committed 896K, reserved 1048576K
}
Event: 0.808 GC heap after
{Heap after GC invocations=4 (full 0):
 garbage-first heap   total 8192K, used 2379K [0x00000000c2a00000, 0x0000000100000000)
  region size 1024K, 1 young (1024K), 1 survivors (1024K)
 Metaspace       used 7682K, committed 7808K, reserved 1114112K
  class space    used 859K, committed 896K, reserved 1048576K
}
Event: 0.873 GC heap before
{Heap before GC invocations=4 (full 0):
 garbage-first heap   total 8192K, used 3403K [0x00000000c2a00000, 0x0000000100000000)
  region size 1024K, 2 young (2048K), 1 survivors (1024K)
 Metaspace       used 7909K, committed 8064K, reserved 1114112K
  class space    used 882K, committed 960K, reserved 1048576K
}
Event: 0.877 GC heap after
{Heap after GC invocations=5 (full 0):
 garbage-first heap   total 10240K, used 2779K [0x00000000c2a00000, 0x0000000100000000)
  region size 1024K, 1 young (1024K), 1 survivors (1024K)
 Metaspace       used 7909K, committed 8064K, reserved 1114112K
  class space    used 882K, committed 960K, reserved 1048576K
}
Event: 0.970 GC heap before
{Heap before GC invocations=5 (full 0):
 garbage-first heap   total 10240K, used 4827K [0x00000000c2a00000, 0x0000000100000000)
  region size 1024K, 3 young (3072K), 1 survivors (1024K)
 Metaspace       used 8093K, committed 8256K, reserved 1114112K
  class space    used 905K, committed 1024K, reserved 1048576K
}
Event: 0.975 GC heap after
{Heap after GC invocations=6 (full 0):
 garbage-first heap   total 10240K, used 3231K [0x00000000c2a00000, 0x0000000100000000)
  region size 1024K, 1 young (1024K), 1 survivors (1024K)
 Metaspace       used 8093K, committed 8256K, reserved 1114112K
  class space    used 905K, committed 1024K, reserved 1048576K
}
Event: 1.013 GC heap before
{Heap before GC invocations=6 (full 0):
 garbage-first heap   total 10240K, used 5279K [0x00000000c2a00000, 0x0000000100000000)
  region size 1024K, 3 young (3072K), 1 survivors (1024K)
 Metaspace       used 8150K, committed 8384K, reserved 1114112K
  class space    used 907K, committed 1024K, reserved 1048576K
}
Event: 1.017 GC heap after
{Heap after GC invocations=7 (full 0):
 garbage-first heap   total 10240K, used 3476K [0x00000000c2a00000, 0x0000000100000000)
  region size 1024K, 1 young (1024K), 1 survivors (1024K)
 Metaspace       used 8150K, committed 8384K, reserved 1114112K
  class space    used 907K, committed 1024K, reserved 1048576K
}
Event: 1.047 GC heap before
{Heap before GC invocations=7 (full 0):
 garbage-first heap   total 10240K, used 5524K [0x00000000c2a00000, 0x0000000100000000)
  region size 1024K, 3 young (3072K), 1 survivors (1024K)
 Metaspace       used 8208K, committed 8384K, reserved 1114112K
  class space    used 915K, committed 1024K, reserved 1048576K
}
Event: 1.051 GC heap after
{Heap after GC invocations=8 (full 0):
 garbage-first heap   total 10240K, used 3826K [0x00000000c2a00000, 0x0000000100000000)
  region size 1024K, 1 young (1024K), 1 survivors (1024K)
 Metaspace       used 8208K, committed 8384K, reserved 1114112K
  class space    used 915K, committed 1024K, reserved 1048576K
}
Event: 1.067 GC heap before
{Heap before GC invocations=8 (full 0):
 garbage-first heap   total 10240K, used 5874K [0x00000000c2a00000, 0x0000000100000000)
  region size 1024K, 3 young (3072K), 1 survivors (1024K)
 Metaspace       used 8221K, committed 8384K, reserved 1114112K
  class space    used 915K, committed 1024K, reserved 1048576K
}
Event: 1.070 GC heap after
{Heap after GC invocations=9 (full 0):
 garbage-first heap   total 18432K, used 3957K [0x00000000c2a00000, 0x0000000100000000)
  region size 1024K, 1 young (1024K), 1 survivors (1024K)
 Metaspace       used 8221K, committed 8384K, reserved 1114112K
  class space    used 915K, committed 1024K, reserved 1048576K
}
Event: 1.176 GC heap before
{Heap before GC invocations=9 (full 0):
 garbage-first heap   total 18432K, used 9077K [0x00000000c2a00000, 0x0000000100000000)
  region size 1024K, 7 young (7168K), 1 survivors (1024K)
 Metaspace       used 8390K, committed 8576K, reserved 1114112K
  class space    used 936K, committed 1024K, reserved 1048576K
}
Event: 1.182 GC heap after
{Heap after GC invocations=10 (full 0):
 garbage-first heap   total 18432K, used 4857K [0x00000000c2a00000, 0x0000000100000000)
  region size 1024K, 1 young (1024K), 1 survivors (1024K)
 Metaspace       used 8390K, committed 8576K, reserved 1114112K
  class space    used 936K, committed 1024K, reserved 1048576K
}
Event: 1.394 GC heap before
{Heap before GC invocations=10 (full 0):
 garbage-first heap   total 18432K, used 11001K [0x00000000c2a00000, 0x0000000100000000)
  region size 1024K, 7 young (7168K), 1 survivors (1024K)
 Metaspace       used 9036K, committed 9280K, reserved 1114112K
  class space    used 1018K, committed 1152K, reserved 1048576K
}
Event: 1.403 GC heap after
{Heap after GC invocations=11 (full 0):
 garbage-first heap   total 18432K, used 6620K [0x00000000c2a00000, 0x0000000100000000)
  region size 1024K, 1 young (1024K), 1 survivors (1024K)
 Metaspace       used 9036K, committed 9280K, reserved 1114112K
  class space    used 1018K, committed 1152K, reserved 1048576K
}
Event: 1.436 GC heap before
{Heap before GC invocations=11 (full 0):
 garbage-first heap   total 18432K, used 11740K [0x00000000c2a00000, 0x0000000100000000)
  region size 1024K, 6 young (6144K), 1 survivors (1024K)
 Metaspace       used 9087K, committed 9344K, reserved 1114112K
  class space    used 1020K, committed 1152K, reserved 1048576K
}
Event: 1.442 GC heap after
{Heap after GC invocations=12 (full 0):
 garbage-first heap   total 18432K, used 7355K [0x00000000c2a00000, 0x0000000100000000)
  region size 1024K, 1 young (1024K), 1 survivors (1024K)
 Metaspace       used 9087K, committed 9344K, reserved 1114112K
  class space    used 1020K, committed 1152K, reserved 1048576K
}
Event: 1.476 GC heap before
{Heap before GC invocations=12 (full 0):
 garbage-first heap   total 18432K, used 11451K [0x00000000c2a00000, 0x0000000100000000)
  region size 1024K, 5 young (5120K), 1 survivors (1024K)
 Metaspace       used 9113K, committed 9344K, reserved 1114112K
  class space    used 1020K, committed 1152K, reserved 1048576K
}

