# JRE version: Java(TM) SE Runtime Environment (19.0.1+10) (build 19.0.1+10-21)
# Java VM: Java HotSpot(TM) 64-Bit Server VM (19.0.1+10-21, mixed mode, sharing, tiered, compressed oops, compressed class ptrs, g1 gc, windows-amd64)
GC Precious Log:
 CardTable entry size: 512
 Card Set container configuration: InlinePtr #cards 5 size 8 Array Of Cards #cards 12 size 40 Howl #buckets 4 coarsen threshold 1843 Howl Bitmap #cards 512 size 80 coarsen threshold 460 Card regions per heap region 1 cards per card region 2048
 CPUs: 4 total, 4 available
 Memory: 3920M
 Large Page Support: Disabled
 NUMA Support: Disabled
 Compressed Oops: Enabled (32-bit)
 Heap Region Size: 1M
 Heap Min Capacity: 8M
 Heap Initial Capacity: 8M
 Heap Max Capacity: 982M
 Pre-touch: Disabled
 Parallel Workers: 4
 Concurrent Workers: 1
 Concurrent Refinement Workers: 4
 Periodic GC: Disabled
Heap:
 garbage-first heap   total 18432K, used 8378K [0x00000000c2a00000, 0x0000000100000000)
  region size 1024K, 1 young (1024K), 1 survivors (1024K)
 Metaspace       used 9107K, committed 9280K, reserved 1114112K
  class space    used 1020K, committed 1152K, reserved 1048576K
GC Heap History (20 events):
Event: 0.686 GC heap after
{Heap after GC invocations=3 (full 0):
 garbage-first heap   total 8192K, used 2109K [0x00000000c2a00000, 0x0000000100000000)
  region size 1024K, 1 young (1024K), 1 survivors (1024K)
 Metaspace       used 6621K, committed 6784K, reserved 1114112K
  class space    used 766K, committed 832K, reserved 1048576K
}
Event: 0.800 GC heap before
{Heap before GC invocations=3 (full 0):
 garbage-first heap   total 8192K, used 3133K [0x00000000c2a00000, 0x0000000100000000)
  region size 1024K, 2 young (2048K), 1 survivors (1024K)
 Metaspace       used 7659K, committed 7808K, reserved 1114112K
  class space    used 858K, committed 896K, reserved 1048576K
}
Event: 0.803 GC heap after
{Heap after GC invocations=4 (full 0):
 garbage-first heap   total 8192K, used 2382K [0x00000000c2a00000, 0x0000000100000000)
  region size 1024K, 1 young (1024K), 1 survivors (1024K)
 Metaspace       used 7659K, committed 7808K, reserved 1114112K
  class space    used 858K, committed 896K, reserved 1048576K
}
Event: 0.869 GC heap before
{Heap before GC invocations=4 (full 0):
 garbage-first heap   total 8192K, used 3406K [0x00000000c2a00000, 0x0000000100000000)
  region size 1024K, 2 young (2048K), 1 survivors (1024K)
 Metaspace       used 7893K, committed 8064K, reserved 1114112K
  class space    used 881K, committed 960K, reserved 1048576K
}
Event: 0.873 GC heap after
{Heap after GC invocations=5 (full 0):
 garbage-first heap   total 10240K, used 2869K [0x00000000c2a00000, 0x0000000100000000)
  region size 1024K, 1 young (1024K), 1 survivors (1024K)
 Metaspace       used 7893K, committed 8064K, reserved 1114112K
  class space    used 881K, committed 960K, reserved 1048576K
}
Event: 0.969 GC heap before
{Heap before GC invocations=5 (full 0):
 garbage-first heap   total 10240K, used 4917K [0x00000000c2a00000, 0x0000000100000000)
  region size 1024K, 3 young (3072K), 1 survivors (1024K)
 Metaspace       used 8091K, committed 8256K, reserved 1114112K
  class space    used 905K, committed 1024K, reserved 1048576K
}
Event: 0.973 GC heap after
{Heap after GC invocations=6 (full 0):
 garbage-first heap   total 10240K, used 3345K [0x00000000c2a00000, 0x0000000100000000)
  region size 1024K, 1 young (1024K), 1 survivors (1024K)
 Metaspace       used 8091K, committed 8256K, reserved 1114112K
  class space    used 905K, committed 1024K, reserved 1048576K
}
Event: 1.013 GC heap before
{Heap before GC invocations=6 (full 0):
 garbage-first heap   total 10240K, used 5393K [0x00000000c2a00000, 0x0000000100000000)
  region size 1024K, 3 young (3072K), 1 survivors (1024K)
 Metaspace       used 8154K, committed 8384K, reserved 1114112K
  class space    used 907K, committed 1024K, reserved 1048576K
}
Event: 1.016 GC heap after
{Heap after GC invocations=7 (full 0):
 garbage-first heap   total 10240K, used 3531K [0x00000000c2a00000, 0x0000000100000000)
  region size 1024K, 1 young (1024K), 1 survivors (1024K)
 Metaspace       used 8154K, committed 8384K, reserved 1114112K
  class space    used 907K, committed 1024K, reserved 1048576K
}
Event: 1.043 GC heap before
{Heap before GC invocations=7 (full 0):
 garbage-first heap   total 10240K, used 5579K [0x00000000c2a00000, 0x0000000100000000)
  region size 1024K, 3 young (3072K), 1 survivors (1024K)
 Metaspace       used 8209K, committed 8384K, reserved 1114112K
  class space    used 914K, committed 1024K, reserved 1048576K
}
Event: 1.046 GC heap after
{Heap after GC invocations=8 (full 0):
 garbage-first heap   total 10240K, used 3951K [0x00000000c2a00000, 0x0000000100000000)
  region size 1024K, 1 young (1024K), 1 survivors (1024K)
 Metaspace       used 8209K, committed 8384K, reserved 1114112K
  class space    used 914K, committed 1024K, reserved 1048576K
}
Event: 1.062 GC heap before
{Heap before GC invocations=8 (full 0):
 garbage-first heap   total 10240K, used 5999K [0x00000000c2a00000, 0x0000000100000000)
  region size 1024K, 3 young (3072K), 1 survivors (1024K)
 Metaspace       used 8223K, committed 8384K, reserved 1114112K
  class space    used 914K, committed 1024K, reserved 1048576K
}
Event: 1.064 GC heap after
{Heap after GC invocations=9 (full 0):
 garbage-first heap   total 18432K, used 4103K [0x00000000c2a00000, 0x0000000100000000)
  region size 1024K, 1 young (1024K), 1 survivors (1024K)
 Metaspace       used 8223K, committed 8384K, reserved 1114112K
  class space    used 914K, committed 1024K, reserved 1048576K
}
Event: 1.169 GC heap before
{Heap before GC invocations=9 (full 0):
 garbage-first heap   total 18432K, used 9223K [0x00000000c2a00000, 0x0000000100000000)
  region size 1024K, 7 young (7168K), 1 survivors (1024K)
 Metaspace       used 8384K, committed 8576K, reserved 1114112K
  class space    used 936K, committed 1024K, reserved 1048576K
}
Event: 1.175 GC heap after
{Heap after GC invocations=10 (full 0):
 garbage-first heap   total 18432K, used 5014K [0x00000000c2a00000, 0x0000000100000000)
  region size 1024K, 1 young (1024K), 1 survivors (1024K)
 Metaspace       used 8384K, committed 8576K, reserved 1114112K
  class space    used 936K, committed 1024K, reserved 1048576K
}
Event: 1.385 GC heap before
{Heap before GC invocations=10 (full 0):
 garbage-first heap   total 18432K, used 11158K [0x00000000c2a00000, 0x0000000100000000)
  region size 1024K, 7 young (7168K), 1 survivors (1024K)
 Metaspace       used 9022K, committed 9216K, reserved 1114112K
  class space    used 1017K, committed 1152K, reserved 1048576K
}
Event: 1.394 GC heap after
{Heap after GC invocations=11 (full 0):
 garbage-first heap   total 18432K, used 6638K [0x00000000c2a00000, 0x0000000100000000)
  region size 1024K, 1 young (1024K), 1 survivors (1024K)
 Metaspace       used 9022K, committed 9216K, reserved 1114112K
  class space    used 1017K, committed 1152K, reserved 1048576K
}
Event: 1.432 GC heap before
{Heap before GC invocations=11 (full 0):
 garbage-first heap   total 18432K, used 11758K [0x00000000c2a00000, 0x0000000100000000)
  region size 1024K, 6 young (6144K), 1 survivors (1024K)
 Metaspace       used 9072K, committed 9280K, reserved 1114112K
  class space    used 1020K, committed 1152K, reserved 1048576K
}
Event: 1.438 GC heap after
{Heap after GC invocations=12 (full 0):
 garbage-first heap   total 18432K, used 7886K [0x00000000c2a00000, 0x0000000100000000)
  region size 1024K, 1 young (1024K), 1 survivors (1024K)
 Metaspace       used 9072K, committed 9280K, reserved 1114112K
  class space    used 1020K, committed 1152K, reserved 1048576K
}
Event: 1.468 GC heap before
{Heap before GC invocations=12 (full 0):
 garbage-first heap   total 18432K, used 11982K [0x00000000c2a00000, 0x0000000100000000)
  region size 1024K, 5 young (5120K), 1 survivors (1024K)
 Metaspace       used 9107K, committed 9280K, reserved 1114112K
  class space    used 1020K, committed 1152K, reserved 1048576K
}

